2024-05-16T14:48:54.439+09:00  INFO 17860 --- [jhchSpringBootProject] [restartedMain] c.m.s.JhchSpringBootProjectApplication   : Starting JhchSpringBootProjectApplication using Java 17.0.9 with PID 17860 (C:\ssafy_lch\ssafy_final_back\bin\main started by SSAFY in C:\ssafy_lch\ssafy_final_back)
2024-05-16T14:48:54.442+09:00  INFO 17860 --- [jhchSpringBootProject] [restartedMain] c.m.s.JhchSpringBootProjectApplication   : No active profile set, falling back to 1 default profile: "default"
2024-05-16T14:48:54.473+09:00  INFO 17860 --- [jhchSpringBootProject] [restartedMain] .e.DevToolsPropertyDefaultsPostProcessor : Devtools property defaults active! Set 'spring.devtools.add-properties' to 'false' to disable
2024-05-16T14:48:54.473+09:00  INFO 17860 --- [jhchSpringBootProject] [restartedMain] .e.DevToolsPropertyDefaultsPostProcessor : For additional web related logging consider setting the 'logging.level.web' property to 'DEBUG'
2024-05-16T14:48:55.142+09:00  INFO 17860 --- [jhchSpringBootProject] [restartedMain] o.s.b.w.embedded.tomcat.TomcatWebServer  : Tomcat initialized with port 8080 (http)
2024-05-16T14:48:55.151+09:00  INFO 17860 --- [jhchSpringBootProject] [restartedMain] o.apache.catalina.core.StandardService   : Starting service [Tomcat]
2024-05-16T14:48:55.151+09:00  INFO 17860 --- [jhchSpringBootProject] [restartedMain] o.apache.catalina.core.StandardEngine    : Starting Servlet engine: [Apache Tomcat/10.1.20]
2024-05-16T14:48:55.190+09:00  INFO 17860 --- [jhchSpringBootProject] [restartedMain] o.a.c.c.C.[Tomcat].[localhost].[/]       : Initializing Spring embedded WebApplicationContext
2024-05-16T14:48:55.191+09:00  INFO 17860 --- [jhchSpringBootProject] [restartedMain] w.s.c.ServletWebServerApplicationContext : Root WebApplicationContext: initialization completed in 717 ms
2024-05-16T14:48:55.473+09:00  INFO 17860 --- [jhchSpringBootProject] [restartedMain] o.s.b.a.w.s.WelcomePageHandlerMapping    : Adding welcome page: class path resource [static/index.html]
2024-05-16T14:48:55.649+09:00  WARN 17860 --- [jhchSpringBootProject] [restartedMain] o.s.b.d.a.OptionalLiveReloadServer       : Unable to start LiveReload server
2024-05-16T14:48:55.664+09:00  WARN 17860 --- [jhchSpringBootProject] [restartedMain] ConfigServletWebServerApplicationContext : Exception encountered during context initialization - cancelling refresh attempt: org.springframework.context.ApplicationContextException: Failed to start bean 'webServerStartStop'
2024-05-16T14:48:55.676+09:00  INFO 17860 --- [jhchSpringBootProject] [restartedMain] .s.b.a.l.ConditionEvaluationReportLogger : 

Error starting ApplicationContext. To display the condition evaluation report re-run your application with 'debug' enabled.
2024-05-16T14:48:55.690+09:00 ERROR 17860 --- [jhchSpringBootProject] [restartedMain] o.s.b.d.LoggingFailureAnalysisReporter   : 

***************************
APPLICATION FAILED TO START
***************************

Description:

Web server failed to start. Port 8080 was already in use.

Action:

Identify and stop the process that's listening on port 8080 or configure this application to listen on another port.

2024-05-16T14:49:03.428+09:00  INFO 18168 --- [jhchSpringBootProject] [restartedMain] c.m.s.JhchSpringBootProjectApplication   : Starting JhchSpringBootProjectApplication using Java 17.0.9 with PID 18168 (C:\ssafy_lch\ssafy_final_back\bin\main started by SSAFY in C:\ssafy_lch\ssafy_final_back)
2024-05-16T14:49:03.429+09:00  INFO 18168 --- [jhchSpringBootProject] [restartedMain] c.m.s.JhchSpringBootProjectApplication   : No active profile set, falling back to 1 default profile: "default"
2024-05-16T14:49:03.458+09:00  INFO 18168 --- [jhchSpringBootProject] [restartedMain] .e.DevToolsPropertyDefaultsPostProcessor : Devtools property defaults active! Set 'spring.devtools.add-properties' to 'false' to disable
2024-05-16T14:49:03.458+09:00  INFO 18168 --- [jhchSpringBootProject] [restartedMain] .e.DevToolsPropertyDefaultsPostProcessor : For additional web related logging consider setting the 'logging.level.web' property to 'DEBUG'
2024-05-16T14:49:04.073+09:00  INFO 18168 --- [jhchSpringBootProject] [restartedMain] o.s.b.w.embedded.tomcat.TomcatWebServer  : Tomcat initialized with port 8080 (http)
2024-05-16T14:49:04.080+09:00  INFO 18168 --- [jhchSpringBootProject] [restartedMain] o.apache.catalina.core.StandardService   : Starting service [Tomcat]
2024-05-16T14:49:04.080+09:00  INFO 18168 --- [jhchSpringBootProject] [restartedMain] o.apache.catalina.core.StandardEngine    : Starting Servlet engine: [Apache Tomcat/10.1.20]
2024-05-16T14:49:04.113+09:00  INFO 18168 --- [jhchSpringBootProject] [restartedMain] o.a.c.c.C.[Tomcat].[localhost].[/]       : Initializing Spring embedded WebApplicationContext
2024-05-16T14:49:04.114+09:00  INFO 18168 --- [jhchSpringBootProject] [restartedMain] w.s.c.ServletWebServerApplicationContext : Root WebApplicationContext: initialization completed in 656 ms
2024-05-16T14:49:04.322+09:00  INFO 18168 --- [jhchSpringBootProject] [restartedMain] o.s.b.a.w.s.WelcomePageHandlerMapping    : Adding welcome page: class path resource [static/index.html]
2024-05-16T14:49:04.498+09:00  INFO 18168 --- [jhchSpringBootProject] [restartedMain] o.s.b.d.a.OptionalLiveReloadServer       : LiveReload server is running on port 35729
2024-05-16T14:49:04.523+09:00  INFO 18168 --- [jhchSpringBootProject] [restartedMain] o.s.b.w.embedded.tomcat.TomcatWebServer  : Tomcat started on port 8080 (http) with context path ''
2024-05-16T14:49:04.529+09:00  INFO 18168 --- [jhchSpringBootProject] [restartedMain] c.m.s.JhchSpringBootProjectApplication   : Started JhchSpringBootProjectApplication in 1.337 seconds (process running for 1.705)
2024-05-16T14:49:09.354+09:00  INFO 18168 --- [jhchSpringBootProject] [http-nio-8080-exec-1] o.a.c.c.C.[Tomcat].[localhost].[/]       : Initializing Spring DispatcherServlet 'dispatcherServlet'
2024-05-16T14:49:09.354+09:00  INFO 18168 --- [jhchSpringBootProject] [http-nio-8080-exec-1] o.s.web.servlet.DispatcherServlet        : Initializing Servlet 'dispatcherServlet'
2024-05-16T14:49:09.355+09:00  INFO 18168 --- [jhchSpringBootProject] [http-nio-8080-exec-1] o.s.web.servlet.DispatcherServlet        : Completed initialization in 1 ms
2024-05-16T14:52:34.107+09:00  INFO 18168 --- [jhchSpringBootProject] [RMI TCP Connection(7)-127.0.0.1] inMXBeanRegistrar$SpringApplicationAdmin : Application shutdown requested.
2024-05-16T16:51:59.785+09:00  INFO 11244 --- [jhchSpringBootProject] [restartedMain] c.m.s.JhchSpringBootProjectApplication   : Starting JhchSpringBootProjectApplication using Java 17.0.9 with PID 11244 (C:\ssafy_lch\ssafy_final_back\bin\main started by SSAFY in C:\ssafy_lch\ssafy_final_back)
2024-05-16T16:51:59.787+09:00  INFO 11244 --- [jhchSpringBootProject] [restartedMain] c.m.s.JhchSpringBootProjectApplication   : No active profile set, falling back to 1 default profile: "default"
2024-05-16T16:51:59.816+09:00  INFO 11244 --- [jhchSpringBootProject] [restartedMain] .e.DevToolsPropertyDefaultsPostProcessor : Devtools property defaults active! Set 'spring.devtools.add-properties' to 'false' to disable
2024-05-16T16:51:59.816+09:00  INFO 11244 --- [jhchSpringBootProject] [restartedMain] .e.DevToolsPropertyDefaultsPostProcessor : For additional web related logging consider setting the 'logging.level.web' property to 'DEBUG'
2024-05-16T16:52:00.476+09:00  INFO 11244 --- [jhchSpringBootProject] [restartedMain] o.s.b.w.embedded.tomcat.TomcatWebServer  : Tomcat initialized with port 8080 (http)
2024-05-16T16:52:00.484+09:00  INFO 11244 --- [jhchSpringBootProject] [restartedMain] o.apache.catalina.core.StandardService   : Starting service [Tomcat]
2024-05-16T16:52:00.484+09:00  INFO 11244 --- [jhchSpringBootProject] [restartedMain] o.apache.catalina.core.StandardEngine    : Starting Servlet engine: [Apache Tomcat/10.1.20]
2024-05-16T16:52:00.521+09:00  INFO 11244 --- [jhchSpringBootProject] [restartedMain] o.a.c.c.C.[Tomcat].[localhost].[/]       : Initializing Spring embedded WebApplicationContext
2024-05-16T16:52:00.522+09:00  INFO 11244 --- [jhchSpringBootProject] [restartedMain] w.s.c.ServletWebServerApplicationContext : Root WebApplicationContext: initialization completed in 706 ms
2024-05-16T16:52:00.737+09:00  INFO 11244 --- [jhchSpringBootProject] [restartedMain] o.s.b.a.w.s.WelcomePageHandlerMapping    : Adding welcome page: class path resource [static/index.html]
2024-05-16T16:52:00.917+09:00  INFO 11244 --- [jhchSpringBootProject] [restartedMain] o.s.b.d.a.OptionalLiveReloadServer       : LiveReload server is running on port 35729
2024-05-16T16:52:00.941+09:00  INFO 11244 --- [jhchSpringBootProject] [restartedMain] o.s.b.w.embedded.tomcat.TomcatWebServer  : Tomcat started on port 8080 (http) with context path ''
2024-05-16T16:52:00.947+09:00  INFO 11244 --- [jhchSpringBootProject] [restartedMain] c.m.s.JhchSpringBootProjectApplication   : Started JhchSpringBootProjectApplication in 1.403 seconds (process running for 1.772)
2024-05-16T16:52:31.960+09:00  INFO 11244 --- [jhchSpringBootProject] [http-nio-8080-exec-1] o.a.c.c.C.[Tomcat].[localhost].[/]       : Initializing Spring DispatcherServlet 'dispatcherServlet'
2024-05-16T16:52:31.960+09:00  INFO 11244 --- [jhchSpringBootProject] [http-nio-8080-exec-1] o.s.web.servlet.DispatcherServlet        : Initializing Servlet 'dispatcherServlet'
2024-05-16T16:52:31.961+09:00  INFO 11244 --- [jhchSpringBootProject] [http-nio-8080-exec-1] o.s.web.servlet.DispatcherServlet        : Completed initialization in 1 ms
2024-05-16T16:56:43.576+09:00  INFO 11244 --- [jhchSpringBootProject] [http-nio-8080-exec-7] o.apache.coyote.http11.Http11Processor   : Error parsing HTTP request header
 Note: further occurrences of HTTP request parsing errors will be logged at DEBUG level.

java.lang.IllegalArgumentException: Invalid character found in method name [0x160x030x010x000xee0x010x000x000xea0x030x03g ]. HTTP method names must be tokens
	at org.apache.coyote.http11.Http11InputBuffer.parseRequestLine(Http11InputBuffer.java:407) ~[tomcat-embed-core-10.1.20.jar:10.1.20]
	at org.apache.coyote.http11.Http11Processor.service(Http11Processor.java:264) ~[tomcat-embed-core-10.1.20.jar:10.1.20]
	at org.apache.coyote.AbstractProcessorLight.process(AbstractProcessorLight.java:63) ~[tomcat-embed-core-10.1.20.jar:10.1.20]
	at org.apache.coyote.AbstractProtocol$ConnectionHandler.process(AbstractProtocol.java:896) ~[tomcat-embed-core-10.1.20.jar:10.1.20]
	at org.apache.tomcat.util.net.NioEndpoint$SocketProcessor.doRun(NioEndpoint.java:1736) ~[tomcat-embed-core-10.1.20.jar:10.1.20]
	at org.apache.tomcat.util.net.SocketProcessorBase.run(SocketProcessorBase.java:52) ~[tomcat-embed-core-10.1.20.jar:10.1.20]
	at org.apache.tomcat.util.threads.ThreadPoolExecutor.runWorker(ThreadPoolExecutor.java:1191) ~[tomcat-embed-core-10.1.20.jar:10.1.20]
	at org.apache.tomcat.util.threads.ThreadPoolExecutor$Worker.run(ThreadPoolExecutor.java:659) ~[tomcat-embed-core-10.1.20.jar:10.1.20]
	at org.apache.tomcat.util.threads.TaskThread$WrappingRunnable.run(TaskThread.java:63) ~[tomcat-embed-core-10.1.20.jar:10.1.20]
	at java.base/java.lang.Thread.run(Thread.java:840) ~[na:na]

2024-05-16T17:52:20.766+09:00  INFO 11244 --- [jhchSpringBootProject] [RMI TCP Connection(63)-127.0.0.1] inMXBeanRegistrar$SpringApplicationAdmin : Application shutdown requested.
